<?xml version="1.0" encoding="UTF-8"?>
<!-- Generated by org.testng.reporters.JUnitXMLReporter -->
<testsuite ignored="0" hostname="BHANU" failures="0" tests="5" name="Default test" time="0.753" errors="0" timestamp="2024-05-22T11:40:16 IST">
  <testcase classname="testng_ddt.Data_Reader" name="AddVariants" time="0.006"/>
  <testcase classname="testng_ddt.Data_Reader" name="AddVariants" time="0.002"/>
  <testcase classname="testng_ddt.Data_Reader" name="AddVariants" time="0.001"/>
  <testcase classname="testng_ddt.Data_Reader" name="AddVariants" time="0.001"/>
  <testcase classname="testng_ddt.Data_Reader" name="AddVariants" time="0.001"/>
</testsuite> <!-- Default test -->
