<?xml version="1.0" encoding="UTF-8"?>
<testng-results ignored="0" total="5" passed="5" failed="0" skipped="0">
  <reporter-output>
  </reporter-output>
  <suite started-at="2024-05-22T11:40:15 IST" name="Default suite" finished-at="2024-05-22T11:40:15 IST" duration-ms="753">
    <groups>
    </groups>
    <test started-at="2024-05-22T11:40:15 IST" name="Default test" finished-at="2024-05-22T11:40:15 IST" duration-ms="753">
      <class name="testng_ddt.Data_Reader">
        <test-method signature="AddVariants(java.lang.String,java.lang.String)[pri:0, instance:testng_ddt.Data_Reader@48aca48b]" started-at="2024-05-22T11:40:15 IST" name="AddVariants" data-provider="ReadVariant" finished-at="2024-05-22T11:40:15 IST" duration-ms="6" status="PASS">
          <params>
            <param index="0">
              <value>
                <![CDATA[mahesh]]>
              </value>
            </param>
            <param index="1">
              <value>
                <![CDATA[test@123]]>
              </value>
            </param>
          </params>
          <reporter-output>
          </reporter-output>
        </test-method> <!-- AddVariants -->
        <test-method signature="AddVariants(java.lang.String,java.lang.String)[pri:0, instance:testng_ddt.Data_Reader@48aca48b]" started-at="2024-05-22T11:40:15 IST" name="AddVariants" data-provider="ReadVariant" finished-at="2024-05-22T11:40:15 IST" duration-ms="2" status="PASS">
          <params>
            <param index="0">
              <value>
                <![CDATA[rajesh]]>
              </value>
            </param>
            <param index="1">
              <value>
                <![CDATA[test@234]]>
              </value>
            </param>
          </params>
          <reporter-output>
          </reporter-output>
        </test-method> <!-- AddVariants -->
        <test-method signature="AddVariants(java.lang.String,java.lang.String)[pri:0, instance:testng_ddt.Data_Reader@48aca48b]" started-at="2024-05-22T11:40:15 IST" name="AddVariants" data-provider="ReadVariant" finished-at="2024-05-22T11:40:15 IST" duration-ms="1" status="PASS">
          <params>
            <param index="0">
              <value>
                <![CDATA[maharaj]]>
              </value>
            </param>
            <param index="1">
              <value>
                <![CDATA[test@345]]>
              </value>
            </param>
          </params>
          <reporter-output>
          </reporter-output>
        </test-method> <!-- AddVariants -->
        <test-method signature="AddVariants(java.lang.String,java.lang.String)[pri:0, instance:testng_ddt.Data_Reader@48aca48b]" started-at="2024-05-22T11:40:15 IST" name="AddVariants" data-provider="ReadVariant" finished-at="2024-05-22T11:40:15 IST" duration-ms="1" status="PASS">
          <params>
            <param index="0">
              <value>
                <![CDATA[sikindar]]>
              </value>
            </param>
            <param index="1">
              <value>
                <![CDATA[test@456]]>
              </value>
            </param>
          </params>
          <reporter-output>
          </reporter-output>
        </test-method> <!-- AddVariants -->
        <test-method signature="AddVariants(java.lang.String,java.lang.String)[pri:0, instance:testng_ddt.Data_Reader@48aca48b]" started-at="2024-05-22T11:40:15 IST" name="AddVariants" data-provider="ReadVariant" finished-at="2024-05-22T11:40:15 IST" duration-ms="1" status="PASS">
          <params>
            <param index="0">
              <value>
                <![CDATA[raja]]>
              </value>
            </param>
            <param index="1">
              <value>
                <![CDATA[test@789]]>
              </value>
            </param>
          </params>
          <reporter-output>
          </reporter-output>
        </test-method> <!-- AddVariants -->
      </class> <!-- testng_ddt.Data_Reader -->
    </test> <!-- Default test -->
  </suite> <!-- Default suite -->
</testng-results>
